app/build/intermediates/manifest_merge_blame_file/debug/manifest-merger-blame-debug-report.txt
1<?xml version="1.0" encoding="utf-8"?>
2<!--
3    ~ Copyright 2022 The TensorFlow Authors. All Rights Reserved.
4    ~
5    ~ Licensed under the Apache License, Version 2.0 (the "License");
6    ~ you may not use this file except in compliance with the License.
7    ~ You may obtain a copy of the License at
8    ~
9    ~       http://www.apache.org/licenses/LICENSE-2.0
10    ~
11    ~ Unless required by applicable law or agreed to in writing, software
12    ~ distributed under the License is distributed on an "AS IS" BASIS,
13    ~ WITHOUT WARRANTIES OR CONDITIONS OF ANY KIND, either express or implied.
14    ~ See the License for the specific language governing permissions and
15    ~ limitations under the License.
16-->
17<manifest xmlns:android="http://schemas.android.com/apk/res/android"
18    xmlns:dist="http://schemas.android.com/apk/distribution"
19    package="com.google.mediapipe.examples.gesturerecognizer"
20    android:versionCode="1"
21    android:versionName="1.0" >
22
23    <uses-sdk
24        android:minSdkVersion="24"
24-->src\main\AndroidManifest.xml
25        android:targetSdkVersion="32" />
25-->src\main\AndroidManifest.xml
26
27    <!-- Enable instant app support -->
28    <dist:module dist:instant="true" />
28-->src\main\AndroidManifest.xml:22:5-40
28-->src\main\AndroidManifest.xml:22:18-37
29
30    <!-- Declare features -->
31    <uses-feature android:name="android.hardware.camera" />
31-->src\main\AndroidManifest.xml:25:5-60
31-->src\main\AndroidManifest.xml:25:19-57
32
33    <!-- Declare permissions -->
34    <uses-permission android:name="android.permission.CAMERA" />
34-->src\main\AndroidManifest.xml:28:5-65
34-->src\main\AndroidManifest.xml:28:22-62
35
36    <!-- Although the *SdkVersion is captured in gradle build files, this is required for non gradle builds -->
37    <!-- <uses-sdk android:minSdkVersion="14"/> -->
38    <uses-permission android:name="android.permission.ACCESS_NETWORK_STATE" />
38-->[com.google.android.datatransport:transport-backend-cct:3.1.0] AndroidManifest.xml:25:5-79
38-->[com.google.android.datatransport:transport-backend-cct:3.1.0] AndroidManifest.xml:25:22-76
39    <uses-permission android:name="android.permission.INTERNET" />
39-->[com.google.android.datatransport:transport-backend-cct:3.1.0] AndroidManifest.xml:26:5-67
39-->[com.google.android.datatransport:transport-backend-cct:3.1.0] AndroidManifest.xml:26:22-64
40
41    <application
41-->src\main\AndroidManifest.xml:30:5-52:19
42        android:allowBackup="true"
42-->src\main\AndroidManifest.xml:31:9-35
43        android:appComponentFactory="androidx.core.app.CoreComponentFactory"
43-->[androidx.core:core:1.8.0] AndroidManifest.xml:24:18-86
44        android:debuggable="true"
45        android:extractNativeLibs="false"
46        android:label="@string/app_name"
46-->src\main\AndroidManifest.xml:32:9-41
47        android:supportsRtl="true"
47-->src\main\AndroidManifest.xml:33:9-35
48        android:taskAffinity=""
48-->src\main\AndroidManifest.xml:34:9-32
49        android:testOnly="true"
50        android:theme="@style/Theme.GestureRecognizer" >
50-->src\main\AndroidManifest.xml:35:9-55
51        <activity
51-->src\main\AndroidManifest.xml:38:9-51:20
52            android:name="com.google.mediapipe.examples.gesturerecognizer.MainActivity"
52-->src\main\AndroidManifest.xml:39:13-41
53            android:exported="true" >
53-->src\main\AndroidManifest.xml:40:13-36
54            <intent-filter>
54-->src\main\AndroidManifest.xml:41:13-45:29
55                <action android:name="android.intent.action.MAIN" />
55-->src\main\AndroidManifest.xml:42:17-69
55-->src\main\AndroidManifest.xml:42:25-66
56
57                <category android:name="android.intent.category.LAUNCHER" />
57-->src\main\AndroidManifest.xml:44:17-77
57-->src\main\AndroidManifest.xml:44:27-74
58            </intent-filter>
59
60            <!-- Declare notch support -->
61            <meta-data
61-->src\main\AndroidManifest.xml:48:13-50:40
62                android:name="android.notch_support"
62-->src\main\AndroidManifest.xml:49:17-53
63                android:value="true" />
63-->src\main\AndroidManifest.xml:50:17-37
64        </activity>
65
66        <uses-library
66-->[androidx.window:window:1.1.0-alpha03] AndroidManifest.xml:23:9-25:40
67            android:name="androidx.window.extensions"
67-->[androidx.window:window:1.1.0-alpha03] AndroidManifest.xml:24:13-54
68            android:required="false" />
68-->[androidx.window:window:1.1.0-alpha03] AndroidManifest.xml:25:13-37
69        <uses-library
69-->[androidx.window:window:1.1.0-alpha03] AndroidManifest.xml:26:9-28:40
70            android:name="androidx.window.sidecar"
70-->[androidx.window:window:1.1.0-alpha03] AndroidManifest.xml:27:13-51
71            android:required="false" />
71-->[androidx.window:window:1.1.0-alpha03] AndroidManifest.xml:28:13-37
72
73        <service
73-->[androidx.camera:camera-camera2:1.2.0-alpha02] AndroidManifest.xml:25:9-34:19
74            android:name="androidx.camera.core.impl.MetadataHolderService"
74-->[androidx.camera:camera-camera2:1.2.0-alpha02] AndroidManifest.xml:26:13-75
75            android:enabled="false"
75-->[androidx.camera:camera-camera2:1.2.0-alpha02] AndroidManifest.xml:27:13-36
76            android:exported="false" >
76-->[androidx.camera:camera-camera2:1.2.0-alpha02] AndroidManifest.xml:28:13-37
77            <meta-data
77-->[androidx.camera:camera-camera2:1.2.0-alpha02] AndroidManifest.xml:31:13-33:89
78                android:name="androidx.camera.core.impl.MetadataHolderService.DEFAULT_CONFIG_PROVIDER"
78-->[androidx.camera:camera-camera2:1.2.0-alpha02] AndroidManifest.xml:32:17-103
79                android:value="androidx.camera.camera2.Camera2Config$DefaultProvider" />
79-->[androidx.camera:camera-camera2:1.2.0-alpha02] AndroidManifest.xml:33:17-86
80        </service>
81
82        <provider
82-->[androidx.emoji2:emoji2:1.2.0] AndroidManifest.xml:24:9-32:20
83            android:name="androidx.startup.InitializationProvider"
83-->[androidx.emoji2:emoji2:1.2.0] AndroidManifest.xml:25:13-67
84            android:authorities="com.google.mediapipe.examples.gesturerecognizer.androidx-startup"
84-->[androidx.emoji2:emoji2:1.2.0] AndroidManifest.xml:26:13-68
85            android:exported="false" >
85-->[androidx.emoji2:emoji2:1.2.0] AndroidManifest.xml:27:13-37
86            <meta-data
86-->[androidx.emoji2:emoji2:1.2.0] AndroidManifest.xml:29:13-31:52
87                android:name="androidx.emoji2.text.EmojiCompatInitializer"
87-->[androidx.emoji2:emoji2:1.2.0] AndroidManifest.xml:30:17-75
88                android:value="androidx.startup" />
88-->[androidx.emoji2:emoji2:1.2.0] AndroidManifest.xml:31:17-49
89            <meta-data
89-->[androidx.lifecycle:lifecycle-process:2.4.1] AndroidManifest.xml:31:13-33:52
90                android:name="androidx.lifecycle.ProcessLifecycleInitializer"
90-->[androidx.lifecycle:lifecycle-process:2.4.1] AndroidManifest.xml:32:17-78
91                android:value="androidx.startup" />
91-->[androidx.lifecycle:lifecycle-process:2.4.1] AndroidManifest.xml:33:17-49
92        </provider>
93
94        <service
94-->[com.google.android.datatransport:transport-backend-cct:3.1.0] AndroidManifest.xml:29:9-35:19
95            android:name="com.google.android.datatransport.runtime.backends.TransportBackendDiscovery"
95-->[com.google.android.datatransport:transport-backend-cct:3.1.0] AndroidManifest.xml:30:13-103
96            android:exported="false" >
96-->[com.google.android.datatransport:transport-backend-cct:3.1.0] AndroidManifest.xml:31:13-37
97            <meta-data
97-->[com.google.android.datatransport:transport-backend-cct:3.1.0] AndroidManifest.xml:32:13-34:39
98                android:name="backend:com.google.android.datatransport.cct.CctBackendFactory"
98-->[com.google.android.datatransport:transport-backend-cct:3.1.0] AndroidManifest.xml:33:17-94
99                android:value="cct" />
99-->[com.google.android.datatransport:transport-backend-cct:3.1.0] AndroidManifest.xml:34:17-36
100        </service>
101        <service
101-->[com.google.android.datatransport:transport-runtime:3.1.0] AndroidManifest.xml:26:9-30:19
102            android:name="com.google.android.datatransport.runtime.scheduling.jobscheduling.JobInfoSchedulerService"
102-->[com.google.android.datatransport:transport-runtime:3.1.0] AndroidManifest.xml:27:13-117
103            android:exported="false"
103-->[com.google.android.datatransport:transport-runtime:3.1.0] AndroidManifest.xml:28:13-37
104            android:permission="android.permission.BIND_JOB_SERVICE" >
104-->[com.google.android.datatransport:transport-runtime:3.1.0] AndroidManifest.xml:29:13-69
105        </service>
106
107        <receiver
107-->[com.google.android.datatransport:transport-runtime:3.1.0] AndroidManifest.xml:32:9-34:40
108            android:name="com.google.android.datatransport.runtime.scheduling.jobscheduling.AlarmManagerSchedulerBroadcastReceiver"
108-->[com.google.android.datatransport:transport-runtime:3.1.0] AndroidManifest.xml:33:13-132
109            android:exported="false" />
109-->[com.google.android.datatransport:transport-runtime:3.1.0] AndroidManifest.xml:34:13-37
110    </application>
111
112</manifest>